Exported CRS_DIR=/g/g14/bienz1/CRS-Alltoall
/g/g14/bienz1/CRS-Alltoall/mpi_advance/build/benchmarks
/g/g14/bienz1/CRS-Alltoall/benchmark_mats/delaunay_n22.pm
Max N 63
MPIX_Comm_init time 8.002300e-08
MPIX_Comm_topo_init time 8.837111e-05
Max Node Msgs 2
MPIX_Comm_win_init_time 9.621814e-03
MPI_Alltoall_crs Time (RMA VERSION): 6.956938e-04
MPI_Alltoall_crs Time (Personalized VERSION): 8.827210e-05
MPI_Alltoall_crs Time (Nonblocking VERSION): 2.299152e-04
MPI_Alltoall_crs Time (Personalized Locality VERSION): 8.927846e-05
MPI_Alltoall_crs Time (Nonblocking Locality VERSION): 8.938453e-05
Max N 127
MPIX_Comm_init time 8.071400e-08
MPIX_Comm_topo_init time 1.200316e-04
Max Node Msgs 4
MPIX_Comm_win_init_time 2.798049e-03
MPI_Alltoall_crs Time (RMA VERSION): 1.425099e-03
MPI_Alltoall_crs Time (Personalized VERSION): 1.935323e-04
MPI_Alltoall_crs Time (Nonblocking VERSION): 4.446260e-04
MPI_Alltoall_crs Time (Personalized Locality VERSION): 1.317961e-04
MPI_Alltoall_crs Time (Nonblocking Locality VERSION): 1.310820e-04
Max N 255
MPIX_Comm_init time 4.758000e-08
MPIX_Comm_topo_init time 1.548426e-04
Max Node Msgs 8
MPIX_Comm_win_init_time 5.015142e-03
MPI_Alltoall_crs Time (RMA VERSION): 3.365928e-03
MPI_Alltoall_crs Time (Personalized VERSION): 3.923498e-04
MPI_Alltoall_crs Time (Nonblocking VERSION): 8.732093e-04
MPI_Alltoall_crs Time (Personalized Locality VERSION): 1.668832e-04
MPI_Alltoall_crs Time (Nonblocking Locality VERSION): 1.685901e-04
Max N 511
MPIX_Comm_init time 7.942100e-08
MPIX_Comm_topo_init time 2.021281e-04
Max Node Msgs 16
MPIX_Comm_win_init_time 2.812588e-03
MPI_Alltoall_crs Time (RMA VERSION): 5.426766e-03
MPI_Alltoall_crs Time (Personalized VERSION): 5.359645e-04
MPI_Alltoall_crs Time (Nonblocking VERSION): 1.263291e-03
MPI_Alltoall_crs Time (Personalized Locality VERSION): 1.879687e-04
MPI_Alltoall_crs Time (Nonblocking Locality VERSION): 1.879764e-04
Max N 1019
MPIX_Comm_init time 1.163200e-07
MPIX_Comm_topo_init time 3.236933e-04
Max Node Msgs 32
MPIX_Comm_win_init_time 5.325271e-02
MPI_Alltoall_crs Time (RMA VERSION): 1.135584e-02
MPI_Alltoall_crs Time (Personalized VERSION): 1.078182e-03
MPI_Alltoall_crs Time (Nonblocking VERSION): 1.619289e-01
MPI_Alltoall_crs Time (Personalized Locality VERSION): 3.396707e-04
MPI_Alltoall_crs Time (Nonblocking Locality VERSION): 3.174004e-04
Max N 1525
MPIX_Comm_init time 1.173700e-07
MPIX_Comm_topo_init time 4.819729e-04
Max Node Msgs 64
MPIX_Comm_win_init_time 1.320667e-01
MPI_Alltoall_crs Time (RMA VERSION): 1.842745e-02
MPI_Alltoall_crs Time (Personalized VERSION): 6.735178e-03
MPI_Alltoall_crs Time (Nonblocking VERSION): 1.834628e-01
MPI_Alltoall_crs Time (Personalized Locality VERSION): 4.856141e-04
MPI_Alltoall_crs Time (Nonblocking Locality VERSION): 4.830506e-04
/g/g14/bienz1/CRS-Alltoall/benchmark_mats/dielFilterV2clx.pm
Max N 10
MPIX_Comm_init time 8.719400e-08
MPIX_Comm_topo_init time 8.961368e-05
Max Node Msgs 2
MPIX_Comm_win_init_time 1.001515e-02
MPI_Alltoall_crs Time (RMA VERSION): 2.243100e-04
MPI_Alltoall_crs Time (Personalized VERSION): 2.490258e-05
MPI_Alltoall_crs Time (Nonblocking VERSION): 5.285344e-05
MPI_Alltoall_crs Time (Personalized Locality VERSION): 4.440756e-05
MPI_Alltoall_crs Time (Nonblocking Locality VERSION): 4.114291e-05
Max N 13
MPIX_Comm_init time 5.356200e-08
MPIX_Comm_topo_init time 1.195413e-04
Max Node Msgs 3
MPIX_Comm_win_init_time 4.095864e-03
MPI_Alltoall_crs Time (RMA VERSION): 5.212422e-04
MPI_Alltoall_crs Time (Personalized VERSION): 4.986436e-05
MPI_Alltoall_crs Time (Nonblocking VERSION): 7.191060e-05
MPI_Alltoall_crs Time (Personalized Locality VERSION): 6.817417e-05
MPI_Alltoall_crs Time (Nonblocking Locality VERSION): 6.501917e-05
Max N 20
MPIX_Comm_init time 5.380000e-08
MPIX_Comm_topo_init time 1.547038e-04
Max Node Msgs 4
MPIX_Comm_win_init_time 3.868532e-03
MPI_Alltoall_crs Time (RMA VERSION): 1.189433e-03
MPI_Alltoall_crs Time (Personalized VERSION): 5.273087e-05
MPI_Alltoall_crs Time (Nonblocking VERSION): 9.584836e-05
MPI_Alltoall_crs Time (Personalized Locality VERSION): 9.554057e-05
MPI_Alltoall_crs Time (Nonblocking Locality VERSION): 8.993248e-05
Max N 33
MPIX_Comm_init time 8.269100e-08
MPIX_Comm_topo_init time 2.018291e-04
Max Node Msgs 4
MPIX_Comm_win_init_time 2.924675e-03
MPI_Alltoall_crs Time (RMA VERSION): 1.291357e-03
MPI_Alltoall_crs Time (Personalized VERSION): 8.433569e-05
MPI_Alltoall_crs Time (Nonblocking VERSION): 1.208985e-04
MPI_Alltoall_crs Time (Personalized Locality VERSION): 9.421815e-05
MPI_Alltoall_crs Time (Nonblocking Locality VERSION): 8.767910e-05
Max N 58
MPIX_Comm_init time 1.210000e-07
MPIX_Comm_topo_init time 3.103712e-04
Max Node Msgs 5
MPIX_Comm_win_init_time 5.621826e-02
MPI_Alltoall_crs Time (RMA VERSION): 2.010034e-03
MPI_Alltoall_crs Time (Personalized VERSION): 1.581774e-04
MPI_Alltoall_crs Time (Nonblocking VERSION): 2.371478e-04
MPI_Alltoall_crs Time (Personalized Locality VERSION): 2.287701e-04
MPI_Alltoall_crs Time (Nonblocking Locality VERSION): 1.308001e-04
Max N 99
MPIX_Comm_init time 1.127700e-07
MPIX_Comm_topo_init time 4.876778e-04
Max Node Msgs 6
MPIX_Comm_win_init_time 1.321728e-01
MPI_Alltoall_crs Time (RMA VERSION): 3.576976e-03
MPI_Alltoall_crs Time (Personalized VERSION): 4.258524e-04
MPI_Alltoall_crs Time (Nonblocking VERSION): 2.905899e-04
MPI_Alltoall_crs Time (Personalized Locality VERSION): 2.444706e-04
MPI_Alltoall_crs Time (Nonblocking Locality VERSION): 2.570676e-04
/g/g14/bienz1/CRS-Alltoall/benchmark_mats/germany_osm.pm
Max N 63
MPIX_Comm_init time 5.309600e-08
MPIX_Comm_topo_init time 8.710321e-05
Max Node Msgs 2
MPIX_Comm_win_init_time 7.182958e-03
MPI_Alltoall_crs Time (RMA VERSION): 4.459453e-03
MPI_Alltoall_crs Time (Personalized VERSION): 1.276699e-04
MPI_Alltoall_crs Time (Nonblocking VERSION): 3.275601e-04
MPI_Alltoall_crs Time (Personalized Locality VERSION): 1.164815e-04
MPI_Alltoall_crs Time (Nonblocking Locality VERSION): 1.176207e-04
Max N 127
MPIX_Comm_init time 5.015700e-08
MPIX_Comm_topo_init time 1.203585e-04
Max Node Msgs 4
MPIX_Comm_win_init_time 8.143931e-03
MPI_Alltoall_crs Time (RMA VERSION): 7.534658e-03
MPI_Alltoall_crs Time (Personalized VERSION): 2.915266e-04
MPI_Alltoall_crs Time (Nonblocking VERSION): 6.137927e-04
MPI_Alltoall_crs Time (Personalized Locality VERSION): 1.986148e-04
MPI_Alltoall_crs Time (Nonblocking Locality VERSION): 1.898867e-04
Max N 255
MPIX_Comm_init time 5.053600e-08
MPIX_Comm_topo_init time 1.518549e-04
Max Node Msgs 8
Max N 508
MPIX_Comm_init time 4.999800e-08
MPIX_Comm_topo_init time 1.919140e-04
Max Node Msgs 16
MPIX_Comm_win_init_time 1.674099e-03
MPI_Alltoall_crs Time (RMA VERSION): 6.771479e-02
MPI_Alltoall_crs Time (Personalized VERSION): 7.745752e-04
MPI_Alltoall_crs Time (Nonblocking VERSION): 1.944843e-03
MPI_Alltoall_crs Time (Personalized Locality VERSION): 3.870994e-04
MPI_Alltoall_crs Time (Nonblocking Locality VERSION): 3.812828e-04
Max N 907
MPIX_Comm_init time 1.465100e-07
MPIX_Comm_topo_init time 2.963693e-04
Max Node Msgs 32
MPIX_Comm_win_init_time 4.430902e-02
MPI_Alltoall_crs Time (RMA VERSION): 1.201011e-01
MPI_Alltoall_crs Time (Personalized VERSION): 1.570489e-03
MPI_Alltoall_crs Time (Nonblocking VERSION): 4.048561e-03
MPI_Alltoall_crs Time (Personalized Locality VERSION): 6.524338e-04
MPI_Alltoall_crs Time (Nonblocking Locality VERSION): 5.792539e-04
Max N 1077
MPIX_Comm_init time 1.513500e-07
MPIX_Comm_topo_init time 4.991523e-04
Max Node Msgs 64
MPIX_Comm_win_init_time 1.227589e-01
MPI_Alltoall_crs Time (RMA VERSION): 1.482978e-01
MPI_Alltoall_crs Time (Personalized VERSION): 1.890766e-03
MPI_Alltoall_crs Time (Nonblocking VERSION): 4.998292e-03
MPI_Alltoall_crs Time (Personalized Locality VERSION): 7.052775e-04
MPI_Alltoall_crs Time (Nonblocking Locality VERSION): 7.179220e-04
/g/g14/bienz1/CRS-Alltoall/benchmark_mats/human_gene1.pm
Max N 63
MPIX_Comm_init time 5.050500e-08
MPIX_Comm_topo_init time 8.901098e-05
Max Node Msgs 2
MPIX_Comm_win_init_time 1.013973e-02
MPI_Alltoall_crs Time (RMA VERSION): 4.348927e-03
MPI_Alltoall_crs Time (Personalized VERSION): 1.274629e-04
MPI_Alltoall_crs Time (Nonblocking VERSION): 3.230789e-04
MPI_Alltoall_crs Time (Personalized Locality VERSION): 1.163633e-04
MPI_Alltoall_crs Time (Nonblocking Locality VERSION): 1.179246e-04
Max N 127
MPIX_Comm_init time 4.902600e-08
MPIX_Comm_topo_init time 1.203711e-04
Max Node Msgs 4
Max N 255
MPIX_Comm_init time 5.099100e-08
MPIX_Comm_topo_init time 1.489179e-04
Max Node Msgs 8
Max N 511
MPIX_Comm_init time 5.228200e-08
MPIX_Comm_topo_init time 1.855704e-04
Max Node Msgs 16
MPIX_Comm_win_init_time 1.223353e-03
MPI_Alltoall_crs Time (RMA VERSION): 5.752531e-02
MPI_Alltoall_crs Time (Personalized VERSION): 7.991050e-04
MPI_Alltoall_crs Time (Nonblocking VERSION): 2.011669e-03
MPI_Alltoall_crs Time (Personalized Locality VERSION): 3.961999e-04
MPI_Alltoall_crs Time (Nonblocking Locality VERSION): 3.896588e-04
Max N 1021
MPIX_Comm_init time 1.284900e-07
MPIX_Comm_topo_init time 3.108256e-04
Max Node Msgs 32
MPIX_Comm_win_init_time 1.523208e-02
MPI_Alltoall_crs Time (RMA VERSION): 1.452446e-01
MPI_Alltoall_crs Time (Personalized VERSION): 2.274921e-03
MPI_Alltoall_crs Time (Nonblocking VERSION): 1.998350e-01
MPI_Alltoall_crs Time (Personalized Locality VERSION): 7.188976e-04
MPI_Alltoall_crs Time (Nonblocking Locality VERSION): 6.558071e-04
Max N 2039
MPIX_Comm_init time 1.443400e-07
MPIX_Comm_topo_init time 4.662057e-04
Max Node Msgs 64
MPIX_Comm_win_init_time 6.113181e-02
MPI_Alltoall_crs Time (RMA VERSION): 2.780308e-01
MPI_Alltoall_crs Time (Personalized VERSION): 1.788332e-01
MPI_Alltoall_crs Time (Nonblocking VERSION): 3.260216e-01
MPI_Alltoall_crs Time (Personalized Locality VERSION): 1.030809e-03
MPI_Alltoall_crs Time (Nonblocking Locality VERSION): 9.988954e-04
/g/g14/bienz1/CRS-Alltoall/benchmark_mats/NLR.pm
Max N 63
MPIX_Comm_init time 5.758800e-08
MPIX_Comm_topo_init time 8.740697e-05
Max Node Msgs 2
MPIX_Comm_win_init_time 9.379909e-03
MPI_Alltoall_crs Time (RMA VERSION): 4.178766e-03
MPI_Alltoall_crs Time (Personalized VERSION): 1.254264e-04
MPI_Alltoall_crs Time (Nonblocking VERSION): 3.240671e-04
MPI_Alltoall_crs Time (Personalized Locality VERSION): 1.168448e-04
MPI_Alltoall_crs Time (Nonblocking Locality VERSION): 1.185677e-04
Max N 255
MPIX_Comm_init time 5.055900e-08
MPIX_Comm_topo_init time 1.561552e-04
Max Node Msgs 8
Max N 510
MPIX_Comm_init time 8.244700e-08
MPIX_Comm_topo_init time 1.982480e-04
Max Node Msgs 16
MPIX_Comm_win_init_time 2.169711e-03
MPI_Alltoall_crs Time (RMA VERSION): 5.603809e-02
MPI_Alltoall_crs Time (Personalized VERSION): 7.711221e-04
MPI_Alltoall_crs Time (Nonblocking VERSION): 1.916147e-03
MPI_Alltoall_crs Time (Personalized Locality VERSION): 3.840946e-04
MPI_Alltoall_crs Time (Nonblocking Locality VERSION): 3.834508e-04
Max N 1950
MPIX_Comm_init time 1.596000e-07
MPIX_Comm_topo_init time 4.659357e-04
Max Node Msgs 64
MPIX_Comm_win_init_time 1.251971e-01
MPI_Alltoall_crs Time (RMA VERSION): 3.513788e-01
MPI_Alltoall_crs Time (Personalized VERSION): 1.131430e-01
MPI_Alltoall_crs Time (Nonblocking VERSION): 3.233934e-01
MPI_Alltoall_crs Time (Personalized Locality VERSION): 1.049567e-03
MPI_Alltoall_crs Time (Nonblocking Locality VERSION): 1.045181e-03
