Exported CRS_DIR=/g/g14/bienz1/CRS-Alltoall
/g/g14/bienz1/CRS-Alltoall/mpi_advance/build/benchmarks
/g/g14/bienz1/CRS-Alltoall/benchmark_mats/delaunay_n22.pm
MPIX_Comm_init time 7.967000e-07
MPIX_Comm_topo_init time 1.605479e-04
MPI_Alltoall_crs Time (Personalized VERSION): 1.511367e-03
MPI_Alltoall_crs Time (Nonblocking VERSION): 1.510588e-03
MPI_Alltoall_crs Time (Personalized Locality VERSION): 9.539888e-03
MPI_Alltoall_crs Time (Nonblocking Locality VERSION): 7.579882e-03
MPIX_Comm_init time 7.150000e-07
MPIX_Comm_topo_init time 1.989280e-04
MPI_Alltoall_crs Time (Personalized VERSION): 2.350344e-03
MPI_Alltoall_crs Time (Nonblocking VERSION): 2.336019e-03
MPI_Alltoall_crs Time (Personalized Locality VERSION): 9.386903e-03
MPI_Alltoall_crs Time (Nonblocking Locality VERSION): 4.916433e-03
MPIX_Comm_init time 7.766000e-07
MPIX_Comm_topo_init time 2.265588e-04
MPI_Alltoall_crs Time (Personalized VERSION): 1.474952e-03
MPI_Alltoall_crs Time (Nonblocking VERSION): 2.416324e-03
MPI_Alltoall_crs Time (Personalized Locality VERSION): 1.477088e-02
MPI_Alltoall_crs Time (Nonblocking Locality VERSION): 2.502819e-03
MPIX_Comm_init time 7.652000e-07
MPIX_Comm_topo_init time 3.944907e-04
MPI_Alltoall_crs Time (Personalized VERSION): 1.535856e-03
MPI_Alltoall_crs Time (Nonblocking VERSION): 2.099562e-03
MPI_Alltoall_crs Time (Personalized Locality VERSION): 2.147552e-02
MPI_Alltoall_crs Time (Nonblocking Locality VERSION): 1.595374e-03
MPIX_Comm_init time 6.445800e-07
MPIX_Comm_topo_init time 3.170643e-04
MPI_Alltoall_crs Time (Personalized VERSION): 1.648690e-03
MPI_Alltoall_crs Time (Nonblocking VERSION): 1.383477e-01
MPI_Alltoall_crs Time (Personalized Locality VERSION): 3.461339e-02
MPI_Alltoall_crs Time (Nonblocking Locality VERSION): 1.534077e-03
/g/g14/bienz1/CRS-Alltoall/benchmark_mats/dielFilterV2clx.pm
MPIX_Comm_init time 8.162000e-07
MPIX_Comm_topo_init time 1.463774e-04
MPI_Alltoall_crs Time (Personalized VERSION): 2.910178e-04
MPI_Alltoall_crs Time (Nonblocking VERSION): 2.756789e-04
MPI_Alltoall_crs Time (Personalized Locality VERSION): 2.694878e-03
MPI_Alltoall_crs Time (Nonblocking Locality VERSION): 6.617360e-04
MPIX_Comm_init time 6.015000e-07
MPIX_Comm_topo_init time 1.897689e-04
MPI_Alltoall_crs Time (Personalized VERSION): 4.955407e-04
MPI_Alltoall_crs Time (Nonblocking VERSION): 4.837959e-04
MPI_Alltoall_crs Time (Personalized Locality VERSION): 3.899464e-03
MPI_Alltoall_crs Time (Nonblocking Locality VERSION): 7.381180e-04
MPIX_Comm_init time 8.453000e-07
MPIX_Comm_topo_init time 2.277431e-04
MPI_Alltoall_crs Time (Personalized VERSION): 5.018439e-04
MPI_Alltoall_crs Time (Nonblocking VERSION): 1.690769e-03
MPI_Alltoall_crs Time (Personalized Locality VERSION): 3.867703e-03
MPI_Alltoall_crs Time (Nonblocking Locality VERSION): 6.495860e-04
MPIX_Comm_init time 1.984900e-06
MPIX_Comm_topo_init time 4.111530e-04
MPI_Alltoall_crs Time (Personalized VERSION): 4.416633e-04
MPI_Alltoall_crs Time (Nonblocking VERSION): 4.012213e-04
MPI_Alltoall_crs Time (Personalized Locality VERSION): 6.005811e-03
MPI_Alltoall_crs Time (Nonblocking Locality VERSION): 5.030540e-04
MPIX_Comm_init time 1.159000e-07
MPIX_Comm_topo_init time 3.198624e-04
MPI_Alltoall_crs Time (Personalized VERSION): 6.323818e-04
MPI_Alltoall_crs Time (Nonblocking VERSION): 9.158151e-04
MPI_Alltoall_crs Time (Personalized Locality VERSION): 1.060187e-02
MPI_Alltoall_crs Time (Nonblocking Locality VERSION): 3.673280e-04
/g/g14/bienz1/CRS-Alltoall/benchmark_mats/germany_osm.pm
MPIX_Comm_init time 3.252000e-07
MPIX_Comm_topo_init time 1.475133e-04
MPI_Alltoall_crs Time (Personalized VERSION): 1.030560e-03
MPI_Alltoall_crs Time (Nonblocking VERSION): 8.647020e-04
MPI_Alltoall_crs Time (Personalized Locality VERSION): 2.262341e-03
MPI_Alltoall_crs Time (Nonblocking Locality VERSION): 1.746652e-03
MPIX_Comm_init time 8.699000e-07
MPIX_Comm_topo_init time 1.861626e-04
MPI_Alltoall_crs Time (Personalized VERSION): 8.566027e-04
MPI_Alltoall_crs Time (Nonblocking VERSION): 9.036176e-04
MPI_Alltoall_crs Time (Personalized Locality VERSION): 3.384591e-03
MPI_Alltoall_crs Time (Nonblocking Locality VERSION): 1.310669e-03
MPIX_Comm_init time 8.133000e-07
MPIX_Comm_topo_init time 2.264979e-04
MPI_Alltoall_crs Time (Personalized VERSION): 1.679231e-02
MPI_Alltoall_crs Time (Nonblocking VERSION): 1.124696e-03
MPI_Alltoall_crs Time (Personalized Locality VERSION): 1.308599e-02
MPI_Alltoall_crs Time (Nonblocking Locality VERSION): 4.240053e-03
MPIX_Comm_init time 9.367000e-07
MPIX_Comm_topo_init time 3.337235e-04
MPI_Alltoall_crs Time (Personalized VERSION): 1.058808e-03
MPI_Alltoall_crs Time (Nonblocking VERSION): 3.626984e-03
MPI_Alltoall_crs Time (Personalized Locality VERSION): 4.094003e-02
MPI_Alltoall_crs Time (Nonblocking Locality VERSION): 9.496730e-04
MPIX_Comm_init time 1.387900e-07
MPIX_Comm_topo_init time 7.188975e-04
MPI_Alltoall_crs Time (Personalized VERSION): 1.462885e-02
MPI_Alltoall_crs Time (Nonblocking VERSION): 4.485464e-03
MPI_Alltoall_crs Time (Personalized Locality VERSION): 3.286369e-01
MPI_Alltoall_crs Time (Nonblocking Locality VERSION): 8.078486e-03
/g/g14/bienz1/CRS-Alltoall/benchmark_mats/human_gene1.pm
MPIX_Comm_init time 8.100000e-07
MPIX_Comm_topo_init time 1.477996e-04
MPI_Alltoall_crs Time (Personalized VERSION): 6.075202e-04
MPI_Alltoall_crs Time (Nonblocking VERSION): 5.322563e-04
MPI_Alltoall_crs Time (Personalized Locality VERSION): 1.045025e-03
MPI_Alltoall_crs Time (Nonblocking Locality VERSION): 6.179330e-04
MPIX_Comm_init time 6.489000e-07
MPIX_Comm_topo_init time 1.892487e-04
MPI_Alltoall_crs Time (Personalized VERSION): 6.456875e-04
MPI_Alltoall_crs Time (Nonblocking VERSION): 7.251918e-04
MPI_Alltoall_crs Time (Personalized Locality VERSION): 1.074077e-03
MPI_Alltoall_crs Time (Nonblocking Locality VERSION): 8.377550e-04
MPIX_Comm_init time 1.377500e-06
MPIX_Comm_topo_init time 2.290134e-04
MPI_Alltoall_crs Time (Personalized VERSION): 1.689155e-02
MPI_Alltoall_crs Time (Nonblocking VERSION): 1.122215e-03
MPI_Alltoall_crs Time (Personalized Locality VERSION): 1.153756e-03
MPI_Alltoall_crs Time (Nonblocking Locality VERSION): 9.386280e-04
MPIX_Comm_init time 1.047900e-06
MPIX_Comm_topo_init time 2.682543e-04
MPI_Alltoall_crs Time (Personalized VERSION): 1.709312e-02
MPI_Alltoall_crs Time (Nonblocking VERSION): 7.939834e-03
MPI_Alltoall_crs Time (Personalized Locality VERSION): 3.294910e-03
MPI_Alltoall_crs Time (Nonblocking Locality VERSION): 1.346154e-03
MPIX_Comm_init time 1.644800e-07
MPIX_Comm_topo_init time 2.988558e-04
MPI_Alltoall_crs Time (Personalized VERSION): 1.558789e-01
MPI_Alltoall_crs Time (Nonblocking VERSION): 2.114060e-01
MPI_Alltoall_crs Time (Personalized Locality VERSION): 7.049667e-02
MPI_Alltoall_crs Time (Nonblocking Locality VERSION): 1.918651e-03
/g/g14/bienz1/CRS-Alltoall/benchmark_mats/NLR.pm
MPIX_Comm_init time 9.953000e-07
MPIX_Comm_topo_init time 1.471338e-04
MPI_Alltoall_crs Time (Personalized VERSION): 3.459608e-03
MPI_Alltoall_crs Time (Nonblocking VERSION): 3.529270e-03
MPI_Alltoall_crs Time (Personalized Locality VERSION): 1.355056e-02
MPI_Alltoall_crs Time (Nonblocking Locality VERSION): 1.356108e-02
MPIX_Comm_init time 3.236000e-07
MPIX_Comm_topo_init time 1.967826e-04
MPI_Alltoall_crs Time (Personalized VERSION): 3.493447e-03
MPI_Alltoall_crs Time (Nonblocking VERSION): 4.214076e-03
MPI_Alltoall_crs Time (Personalized Locality VERSION): 8.604571e-03
MPI_Alltoall_crs Time (Nonblocking Locality VERSION): 8.521356e-03
MPIX_Comm_init time 9.618000e-07
MPIX_Comm_topo_init time 3.253694e-04
MPI_Alltoall_crs Time (Personalized VERSION): 2.098287e-01
MPI_Alltoall_crs Time (Nonblocking VERSION): 3.132346e-03
MPI_Alltoall_crs Time (Personalized Locality VERSION): 1.362893e-02
MPI_Alltoall_crs Time (Nonblocking Locality VERSION): 6.352632e-03
MPIX_Comm_init time 1.082200e-06
MPIX_Comm_topo_init time 3.182249e-04
MPI_Alltoall_crs Time (Personalized VERSION): 1.612625e-01
MPI_Alltoall_crs Time (Nonblocking VERSION): 3.134242e-03
MPI_Alltoall_crs Time (Personalized Locality VERSION): 3.153769e-02
MPI_Alltoall_crs Time (Nonblocking Locality VERSION): 3.683459e-03
MPIX_Comm_init time 1.428400e-07
MPIX_Comm_topo_init time 3.119361e-04
MPI_Alltoall_crs Time (Personalized VERSION): 1.611515e-01
MPI_Alltoall_crs Time (Nonblocking VERSION): 1.022396e-01
MPI_Alltoall_crs Time (Personalized Locality VERSION): 1.615193e-01
MPI_Alltoall_crs Time (Nonblocking Locality VERSION): 2.526911e-03
