Exported CRS_DIR=/g/g14/bienz1/CRS-Alltoall
/g/g14/bienz1/CRS-Alltoall/mpi_advance/build/benchmarks
/g/g14/bienz1/CRS-Alltoall/benchmark_mats/delaunay_n22.pm
MPIX_Comm_init time 5.269051e-08
MPIX_Comm_topo_init time 5.646324e-05
MPIX_Comm_win_init_time 3.956299e-04
MPI_Alltoall_crs Time (RMA VERSION): 2.932804e-04
MPI_Alltoall_crs Time (Personalized VERSION): 4.031422e-04
MPI_Alltoall_crs Time (Nonblocking VERSION): 5.351553e-04
MPI_Alltoall_crs Time (Personalized Locality VERSION): 1.938522e-04
MPI_Alltoall_crs Time (Nonblocking Locality VERSION): 1.842644e-04
MPIX_Comm_init time 5.626678e-08
MPIX_Comm_topo_init time 5.908799e-05
MPIX_Comm_win_init_time 4.552610e-04
MPI_Alltoall_crs Time (RMA VERSION): 5.408471e-04
MPI_Alltoall_crs Time (Personalized VERSION): 9.115489e-04
MPI_Alltoall_crs Time (Nonblocking VERSION): 1.138397e-03
MPI_Alltoall_crs Time (Personalized Locality VERSION): 2.681444e-04
MPI_Alltoall_crs Time (Nonblocking Locality VERSION): 2.261615e-04
MPIX_Comm_init time 5.364418e-08
MPIX_Comm_topo_init time 8.000255e-05
MPIX_Comm_win_init_time 5.337687e-04
MPI_Alltoall_crs Time (RMA VERSION): 1.098633e-03
MPI_Alltoall_crs Time (Personalized VERSION): 1.882899e-03
MPI_Alltoall_crs Time (Nonblocking VERSION): 2.378391e-03
MPI_Alltoall_crs Time (Personalized Locality VERSION): 3.535173e-04
MPI_Alltoall_crs Time (Nonblocking Locality VERSION): 2.786741e-04
MPIX_Comm_init time 8.010864e-08
MPIX_Comm_topo_init time 1.108000e-04
MPIX_Comm_win_init_time 6.182230e-04
MPI_Alltoall_crs Time (RMA VERSION): 2.694210e-03
MPI_Alltoall_crs Time (Personalized VERSION): 4.483384e-03
MPI_Alltoall_crs Time (Nonblocking VERSION): 5.679752e-03
MPI_Alltoall_crs Time (Personalized Locality VERSION): 5.221457e-04
MPI_Alltoall_crs Time (Nonblocking Locality VERSION): 4.424565e-04
MPIX_Comm_init time 1.478195e-07
MPIX_Comm_topo_init time 2.131963e-04
MPIX_Comm_win_init_time 7.960248e-04
MPI_Alltoall_crs Time (RMA VERSION): 1.003362e-02
MPI_Alltoall_crs Time (Personalized VERSION): 1.131608e-02
MPI_Alltoall_crs Time (Nonblocking VERSION): 3.011279e-01
MPI_Alltoall_crs Time (Personalized Locality VERSION): 9.453583e-04
MPI_Alltoall_crs Time (Nonblocking Locality VERSION): 7.824659e-04
/g/g14/bienz1/CRS-Alltoall/benchmark_mats/dielFilterV2clx.pm
MPIX_Comm_init time 5.602837e-08
MPIX_Comm_topo_init time 5.659604e-05
MPIX_Comm_win_init_time 3.927784e-04
MPI_Alltoall_crs Time (RMA VERSION): 1.282029e-04
MPI_Alltoall_crs Time (Personalized VERSION): 9.165335e-05
MPI_Alltoall_crs Time (Nonblocking VERSION): 1.493113e-04
MPI_Alltoall_crs Time (Personalized Locality VERSION): 8.853889e-05
MPI_Alltoall_crs Time (Nonblocking Locality VERSION): 7.566667e-05
MPIX_Comm_init time 5.340576e-08
MPIX_Comm_topo_init time 5.871916e-05
MPIX_Comm_win_init_time 4.542558e-04
MPI_Alltoall_crs Time (RMA VERSION): 1.663642e-04
MPI_Alltoall_crs Time (Personalized VERSION): 1.123481e-04
MPI_Alltoall_crs Time (Nonblocking VERSION): 1.795442e-04
MPI_Alltoall_crs Time (Personalized Locality VERSION): 1.436648e-04
MPI_Alltoall_crs Time (Nonblocking Locality VERSION): 1.201060e-04
MPIX_Comm_init time 5.340576e-08
MPIX_Comm_topo_init time 8.016777e-05
MPIX_Comm_win_init_time 5.411322e-04
MPI_Alltoall_crs Time (RMA VERSION): 2.178013e-04
MPI_Alltoall_crs Time (Personalized VERSION): 1.866565e-04
MPI_Alltoall_crs Time (Nonblocking VERSION): 2.547045e-04
MPI_Alltoall_crs Time (Personalized Locality VERSION): 2.196906e-04
MPI_Alltoall_crs Time (Nonblocking Locality VERSION): 1.770542e-04
MPIX_Comm_init time 5.745888e-08
MPIX_Comm_topo_init time 1.085155e-04
MPIX_Comm_win_init_time 6.188092e-04
MPI_Alltoall_crs Time (RMA VERSION): 3.113196e-04
MPI_Alltoall_crs Time (Personalized VERSION): 2.958486e-04
MPI_Alltoall_crs Time (Nonblocking VERSION): 3.833375e-04
MPI_Alltoall_crs Time (Personalized Locality VERSION): 3.087652e-04
MPI_Alltoall_crs Time (Nonblocking Locality VERSION): 2.687969e-04
MPIX_Comm_init time 1.430511e-07
MPIX_Comm_topo_init time 2.173257e-04
MPIX_Comm_win_init_time 8.043528e-04
MPI_Alltoall_crs Time (RMA VERSION): 6.100106e-04
MPI_Alltoall_crs Time (Personalized VERSION): 5.798841e-04
MPI_Alltoall_crs Time (Nonblocking VERSION): 6.582332e-04
MPI_Alltoall_crs Time (Personalized Locality VERSION): 4.844499e-04
MPI_Alltoall_crs Time (Nonblocking Locality VERSION): 3.442526e-04
/g/g14/bienz1/CRS-Alltoall/benchmark_mats/germany_osm.pm
MPIX_Comm_init time 5.769730e-08
MPIX_Comm_topo_init time 5.658770e-05
MPIX_Comm_win_init_time 3.960843e-04
MPI_Alltoall_crs Time (RMA VERSION): 3.967385e-04
MPI_Alltoall_crs Time (Personalized VERSION): 4.858472e-04
MPI_Alltoall_crs Time (Nonblocking VERSION): 7.132716e-04
MPI_Alltoall_crs Time (Personalized Locality VERSION): 2.422328e-04
MPI_Alltoall_crs Time (Nonblocking Locality VERSION): 2.415702e-04
MPIX_Comm_init time 5.650520e-08
MPIX_Comm_topo_init time 5.738473e-05
MPIX_Comm_win_init_time 4.502544e-04
MPI_Alltoall_crs Time (RMA VERSION): 7.217295e-04
MPI_Alltoall_crs Time (Personalized VERSION): 1.052715e-03
MPI_Alltoall_crs Time (Nonblocking VERSION): 1.567817e-03
MPI_Alltoall_crs Time (Personalized Locality VERSION): 2.884281e-04
MPI_Alltoall_crs Time (Nonblocking Locality VERSION): 2.805369e-04
MPIX_Comm_init time 8.153915e-08
MPIX_Comm_topo_init time 8.064651e-05
MPIX_Comm_win_init_time 5.352237e-04
MPI_Alltoall_crs Time (RMA VERSION): 1.417794e-03
MPI_Alltoall_crs Time (Personalized VERSION): 2.192280e-03
MPI_Alltoall_crs Time (Nonblocking VERSION): 3.316548e-03
MPI_Alltoall_crs Time (Personalized Locality VERSION): 3.819430e-04
MPI_Alltoall_crs Time (Nonblocking Locality VERSION): 3.671706e-04
MPIX_Comm_init time 9.632111e-08
MPIX_Comm_topo_init time 1.111608e-04
MPIX_Comm_win_init_time 6.143241e-04
MPI_Alltoall_crs Time (RMA VERSION): 3.739400e-03
MPI_Alltoall_crs Time (Personalized VERSION): 6.100141e-03
MPI_Alltoall_crs Time (Nonblocking VERSION): 9.506482e-03
MPI_Alltoall_crs Time (Personalized Locality VERSION): 6.439645e-04
MPI_Alltoall_crs Time (Nonblocking Locality VERSION): 6.215906e-04
MPIX_Comm_init time 1.358986e-07
MPIX_Comm_topo_init time 2.159500e-04
MPIX_Comm_win_init_time 8.135104e-04
MPI_Alltoall_crs Time (RMA VERSION): 1.710709e-02
MPI_Alltoall_crs Time (Personalized VERSION): 1.190712e-02
MPI_Alltoall_crs Time (Nonblocking VERSION): 2.064883e-02
MPI_Alltoall_crs Time (Personalized Locality VERSION): 1.194572e-03
MPI_Alltoall_crs Time (Nonblocking Locality VERSION): 1.131725e-03
/g/g14/bienz1/CRS-Alltoall/benchmark_mats/human_gene1.pm
MPIX_Comm_init time 6.532669e-08
MPIX_Comm_topo_init time 5.669999e-05
MPIX_Comm_win_init_time 3.928180e-04
MPI_Alltoall_crs Time (RMA VERSION): 3.899086e-04
MPI_Alltoall_crs Time (Personalized VERSION): 4.814808e-04
MPI_Alltoall_crs Time (Nonblocking VERSION): 6.753573e-04
MPI_Alltoall_crs Time (Personalized Locality VERSION): 2.347994e-04
MPI_Alltoall_crs Time (Nonblocking Locality VERSION): 2.248828e-04
MPIX_Comm_init time 5.626678e-08
MPIX_Comm_topo_init time 6.044340e-05
MPIX_Comm_win_init_time 4.687407e-04
MPI_Alltoall_crs Time (RMA VERSION): 7.173676e-04
MPI_Alltoall_crs Time (Personalized VERSION): 1.323224e-03
MPI_Alltoall_crs Time (Nonblocking VERSION): 1.657064e-03
MPI_Alltoall_crs Time (Personalized Locality VERSION): 3.237662e-04
MPI_Alltoall_crs Time (Nonblocking Locality VERSION): 3.103340e-04
MPIX_Comm_init time 5.650520e-08
MPIX_Comm_topo_init time 8.149600e-05
MPIX_Comm_win_init_time 5.474865e-04
MPI_Alltoall_crs Time (RMA VERSION): 1.469993e-03
MPI_Alltoall_crs Time (Personalized VERSION): 2.752331e-03
MPI_Alltoall_crs Time (Nonblocking VERSION): 3.714013e-03
MPI_Alltoall_crs Time (Personalized Locality VERSION): 4.232497e-04
MPI_Alltoall_crs Time (Nonblocking Locality VERSION): 4.053335e-04
MPIX_Comm_init time 6.294250e-08
MPIX_Comm_topo_init time 1.093287e-04
MPIX_Comm_win_init_time 6.172130e-04
MPI_Alltoall_crs Time (RMA VERSION): 3.500570e-03
MPI_Alltoall_crs Time (Personalized VERSION): 8.072343e-03
MPI_Alltoall_crs Time (Nonblocking VERSION): 1.066195e-02
MPI_Alltoall_crs Time (Personalized Locality VERSION): 7.816041e-04
MPI_Alltoall_crs Time (Nonblocking Locality VERSION): 7.373960e-04
MPIX_Comm_init time 1.621246e-07
MPIX_Comm_topo_init time 2.179646e-04
MPIX_Comm_win_init_time 8.218622e-04
MPI_Alltoall_crs Time (RMA VERSION): 2.057544e-02
MPI_Alltoall_crs Time (Personalized VERSION): 1.461448e-02
MPI_Alltoall_crs Time (Nonblocking VERSION): 3.256269e-01
MPI_Alltoall_crs Time (Personalized Locality VERSION): 1.158597e-03
MPI_Alltoall_crs Time (Nonblocking Locality VERSION): 1.088302e-03
/g/g14/bienz1/CRS-Alltoall/benchmark_mats/NLR.pm
MPIX_Comm_init time 5.674362e-08
MPIX_Comm_topo_init time 5.655336e-05
MPIX_Comm_win_init_time 3.931489e-04
MPI_Alltoall_crs Time (RMA VERSION): 3.749046e-04
MPI_Alltoall_crs Time (Personalized VERSION): 4.716964e-04
MPI_Alltoall_crs Time (Nonblocking VERSION): 6.830208e-04
MPI_Alltoall_crs Time (Personalized Locality VERSION): 2.468007e-04
MPI_Alltoall_crs Time (Nonblocking Locality VERSION): 2.309990e-04
MPIX_Comm_init time 6.031990e-08
MPIX_Comm_topo_init time 6.082487e-05
MPIX_Comm_win_init_time 4.660406e-04
MPI_Alltoall_crs Time (RMA VERSION): 7.293499e-04
MPI_Alltoall_crs Time (Personalized VERSION): 1.247617e-03
MPI_Alltoall_crs Time (Nonblocking VERSION): 1.580469e-03
MPI_Alltoall_crs Time (Personalized Locality VERSION): 3.240430e-04
MPI_Alltoall_crs Time (Nonblocking Locality VERSION): 3.052669e-04
MPIX_Comm_init time 8.010864e-08
MPIX_Comm_topo_init time 8.163571e-05
MPIX_Comm_win_init_time 5.511408e-04
MPI_Alltoall_crs Time (RMA VERSION): 1.448499e-03
MPI_Alltoall_crs Time (Personalized VERSION): 3.047282e-03
MPI_Alltoall_crs Time (Nonblocking VERSION): 3.795764e-03
MPI_Alltoall_crs Time (Personalized Locality VERSION): 4.585350e-04
MPI_Alltoall_crs Time (Nonblocking Locality VERSION): 4.300976e-04
MPIX_Comm_init time 6.985664e-08
MPIX_Comm_topo_init time 1.121919e-04
MPIX_Comm_win_init_time 6.224375e-04
