Exported CRS_DIR=/g/g14/bienz1/CRS-Alltoall
/g/g14/bienz1/CRS-Alltoall/mpi_advance/build/benchmarks
/g/g14/bienz1/CRS-Alltoall/benchmark_mats/delaunay_n22.pm
MPIX_Comm_init time 5.006790e-07
MPIX_Comm_topo_init time 1.583815e-04
MPI_Alltoall_crs Time (Personalized VERSION): 1.715231e-03
MPI_Alltoall_crs Time (Nonblocking VERSION): 1.682043e-03
MPI_Alltoall_crs Time (Personalized Locality VERSION): 8.886337e-03
MPI_Alltoall_crs Time (Nonblocking Locality VERSION): 8.438826e-03
MPIX_Comm_init time 4.768372e-07
MPIX_Comm_topo_init time 1.981020e-04
MPI_Alltoall_crs Time (Personalized VERSION): 2.381277e-03
MPI_Alltoall_crs Time (Nonblocking VERSION): 2.348661e-03
MPI_Alltoall_crs Time (Personalized Locality VERSION): 5.335808e-03
MPI_Alltoall_crs Time (Nonblocking Locality VERSION): 4.968882e-03
MPIX_Comm_init time 8.106232e-07
MPIX_Comm_topo_init time 2.070189e-04
MPI_Alltoall_crs Time (Personalized VERSION): 1.464176e-03
MPI_Alltoall_crs Time (Nonblocking VERSION): 1.694775e-03
MPI_Alltoall_crs Time (Personalized Locality VERSION): 3.430843e-03
MPI_Alltoall_crs Time (Nonblocking Locality VERSION): 2.508879e-03
MPIX_Comm_init time 5.483627e-07
MPIX_Comm_topo_init time 2.361298e-04
MPI_Alltoall_crs Time (Personalized VERSION): 1.639128e-03
MPI_Alltoall_crs Time (Nonblocking VERSION): 2.730346e-03
MPI_Alltoall_crs Time (Personalized Locality VERSION): 2.650976e-03
MPI_Alltoall_crs Time (Nonblocking Locality VERSION): 1.506805e-03
MPIX_Comm_init time 1.311302e-07
MPIX_Comm_topo_init time 2.102041e-04
MPI_Alltoall_crs Time (Personalized VERSION): 1.765640e-03
MPI_Alltoall_crs Time (Nonblocking VERSION): 1.643298e-01
MPI_Alltoall_crs Time (Personalized Locality VERSION): 3.314257e-03
MPI_Alltoall_crs Time (Nonblocking Locality VERSION): 1.872063e-03
/g/g14/bienz1/CRS-Alltoall/benchmark_mats/dielFilterV2clx.pm
MPIX_Comm_init time 8.344650e-07
MPIX_Comm_topo_init time 1.619339e-04
MPI_Alltoall_crs Time (Personalized VERSION): 3.131866e-04
MPI_Alltoall_crs Time (Nonblocking VERSION): 2.818823e-04
MPI_Alltoall_crs Time (Personalized Locality VERSION): 1.330853e-03
MPI_Alltoall_crs Time (Nonblocking Locality VERSION): 7.557869e-04
MPIX_Comm_init time 4.291534e-07
MPIX_Comm_topo_init time 1.844645e-04
MPI_Alltoall_crs Time (Personalized VERSION): 5.028009e-04
MPI_Alltoall_crs Time (Nonblocking VERSION): 5.331278e-04
MPI_Alltoall_crs Time (Personalized Locality VERSION): 1.482010e-03
MPI_Alltoall_crs Time (Nonblocking Locality VERSION): 7.870197e-04
MPIX_Comm_init time 6.437302e-07
MPIX_Comm_topo_init time 2.072334e-04
MPI_Alltoall_crs Time (Personalized VERSION): 5.064487e-04
MPI_Alltoall_crs Time (Nonblocking VERSION): 6.141663e-04
MPI_Alltoall_crs Time (Personalized Locality VERSION): 1.183510e-03
MPI_Alltoall_crs Time (Nonblocking Locality VERSION): 6.906986e-04
MPIX_Comm_init time 5.722046e-07
MPIX_Comm_topo_init time 2.361536e-04
MPI_Alltoall_crs Time (Personalized VERSION): 4.385948e-04
MPI_Alltoall_crs Time (Nonblocking VERSION): 5.520105e-04
MPI_Alltoall_crs Time (Personalized Locality VERSION): 1.188755e-03
MPI_Alltoall_crs Time (Nonblocking Locality VERSION): 5.595684e-04
MPIX_Comm_init time 1.192093e-07
MPIX_Comm_topo_init time 2.057433e-04
MPI_Alltoall_crs Time (Personalized VERSION): 3.323030e-04
MPI_Alltoall_crs Time (Nonblocking VERSION): 3.717399e-04
MPI_Alltoall_crs Time (Personalized Locality VERSION): 1.317978e-03
MPI_Alltoall_crs Time (Nonblocking Locality VERSION): 3.693104e-04
/g/g14/bienz1/CRS-Alltoall/benchmark_mats/germany_osm.pm
MPIX_Comm_init time 8.106232e-07
MPIX_Comm_topo_init time 1.676083e-04
MPI_Alltoall_crs Time (Personalized VERSION): 1.086330e-03
MPI_Alltoall_crs Time (Nonblocking VERSION): 9.348154e-04
MPI_Alltoall_crs Time (Personalized Locality VERSION): 2.683163e-03
MPI_Alltoall_crs Time (Nonblocking Locality VERSION): 2.034903e-03
MPIX_Comm_init time 5.006790e-07
MPIX_Comm_topo_init time 1.883030e-04
MPI_Alltoall_crs Time (Personalized VERSION): 8.864880e-04
MPI_Alltoall_crs Time (Nonblocking VERSION): 1.064062e-03
MPI_Alltoall_crs Time (Personalized Locality VERSION): 1.843929e-03
MPI_Alltoall_crs Time (Nonblocking Locality VERSION): 1.248360e-03
MPIX_Comm_init time 6.914139e-07
MPIX_Comm_topo_init time 2.115488e-04
MPI_Alltoall_crs Time (Personalized VERSION): 8.446455e-04
MPI_Alltoall_crs Time (Nonblocking VERSION): 1.653910e-03
MPI_Alltoall_crs Time (Personalized Locality VERSION): 1.759529e-03
MPI_Alltoall_crs Time (Nonblocking Locality VERSION): 1.110792e-03
MPIX_Comm_init time 8.821487e-07
MPIX_Comm_topo_init time 2.488136e-04
MPI_Alltoall_crs Time (Personalized VERSION): 1.116800e-03
MPI_Alltoall_crs Time (Nonblocking VERSION): 4.309511e-03
MPI_Alltoall_crs Time (Personalized Locality VERSION): 5.468369e-03
MPI_Alltoall_crs Time (Nonblocking Locality VERSION): 1.011610e-03
MPIX_Comm_init time 1.788139e-07
MPIX_Comm_topo_init time 2.155042e-04
MPI_Alltoall_crs Time (Personalized VERSION): 1.507547e-03
MPI_Alltoall_crs Time (Nonblocking VERSION): 1.058283e-02
MPI_Alltoall_crs Time (Personalized Locality VERSION): 2.388620e-02
MPI_Alltoall_crs Time (Nonblocking Locality VERSION): 1.824617e-03
/g/g14/bienz1/CRS-Alltoall/benchmark_mats/human_gene1.pm
MPIX_Comm_init time 4.529953e-07
MPIX_Comm_topo_init time 1.614809e-04
MPI_Alltoall_crs Time (Personalized VERSION): 6.205082e-04
MPI_Alltoall_crs Time (Nonblocking VERSION): 5.652905e-04
MPI_Alltoall_crs Time (Personalized Locality VERSION): 1.053333e-03
MPI_Alltoall_crs Time (Nonblocking Locality VERSION): 6.339550e-04
MPIX_Comm_init time 5.006790e-07
MPIX_Comm_topo_init time 1.821280e-04
MPI_Alltoall_crs Time (Personalized VERSION): 7.383108e-04
MPI_Alltoall_crs Time (Nonblocking VERSION): 8.639812e-04
MPI_Alltoall_crs Time (Personalized Locality VERSION): 1.175880e-03
MPI_Alltoall_crs Time (Nonblocking Locality VERSION): 7.984638e-04
MPIX_Comm_init time 6.675720e-07
MPIX_Comm_topo_init time 2.080202e-04
MPI_Alltoall_crs Time (Personalized VERSION): 8.397102e-04
MPI_Alltoall_crs Time (Nonblocking VERSION): 1.709437e-03
MPI_Alltoall_crs Time (Personalized Locality VERSION): 1.195908e-03
MPI_Alltoall_crs Time (Nonblocking Locality VERSION): 9.164810e-04
MPIX_Comm_init time 8.821487e-07
MPIX_Comm_topo_init time 2.484322e-04
MPI_Alltoall_crs Time (Personalized VERSION): 1.716380e-02
MPI_Alltoall_crs Time (Nonblocking VERSION): 4.847383e-03
MPI_Alltoall_crs Time (Personalized Locality VERSION): 1.482487e-03
MPI_Alltoall_crs Time (Nonblocking Locality VERSION): 1.295805e-03
MPIX_Comm_init time 1.358986e-07
MPIX_Comm_topo_init time 2.076769e-04
MPI_Alltoall_crs Time (Personalized VERSION): 7.038700e-02
MPI_Alltoall_crs Time (Nonblocking VERSION): 1.739145e-02
MPI_Alltoall_crs Time (Personalized Locality VERSION): 4.982710e-03
MPI_Alltoall_crs Time (Nonblocking Locality VERSION): 2.213240e-03
/g/g14/bienz1/CRS-Alltoall/benchmark_mats/NLR.pm
MPIX_Comm_init time 5.006790e-07
MPIX_Comm_topo_init time 1.699209e-04
MPI_Alltoall_crs Time (Personalized VERSION): 4.460216e-03
MPI_Alltoall_crs Time (Nonblocking VERSION): 3.684282e-03
MPI_Alltoall_crs Time (Personalized Locality VERSION): 1.354694e-02
MPI_Alltoall_crs Time (Nonblocking Locality VERSION): 1.344800e-02
MPIX_Comm_init time 6.675720e-07
MPIX_Comm_topo_init time 1.847744e-04
MPI_Alltoall_crs Time (Personalized VERSION): 3.693652e-03
MPI_Alltoall_crs Time (Nonblocking VERSION): 4.072380e-03
MPI_Alltoall_crs Time (Personalized Locality VERSION): 8.206606e-03
MPI_Alltoall_crs Time (Nonblocking Locality VERSION): 9.669781e-03
MPIX_Comm_init time 8.344650e-07
MPIX_Comm_topo_init time 2.084255e-04
MPI_Alltoall_crs Time (Personalized VERSION): 1.615812e-01
MPI_Alltoall_crs Time (Nonblocking VERSION): 3.287578e-03
MPI_Alltoall_crs Time (Personalized Locality VERSION): 6.082535e-03
MPI_Alltoall_crs Time (Nonblocking Locality VERSION): 6.466150e-03
MPIX_Comm_init time 7.629395e-07
MPIX_Comm_topo_init time 2.415180e-04
MPI_Alltoall_crs Time (Personalized VERSION): 1.607028e-01
MPI_Alltoall_crs Time (Nonblocking VERSION): 5.289578e-03
MPI_Alltoall_crs Time (Personalized Locality VERSION): 4.501581e-03
MPI_Alltoall_crs Time (Nonblocking Locality VERSION): 3.716946e-03
MPIX_Comm_init time 1.358986e-07
MPIX_Comm_topo_init time 2.173138e-04
MPI_Alltoall_crs Time (Personalized VERSION): 1.592534e-01
MPI_Alltoall_crs Time (Nonblocking VERSION): 7.478249e-02
MPI_Alltoall_crs Time (Personalized Locality VERSION): 5.240679e-03
MPI_Alltoall_crs Time (Nonblocking Locality VERSION): 3.108025e-03
