Exported CRS_DIR=/g/g14/bienz1/CRS-Alltoall
/g/g14/bienz1/CRS-Alltoall/mpi_advance/build_quartz_mvapich/benchmarks
/g/g14/bienz1/CRS-Alltoall/benchmark_mats/delaunay_n22.pm
MPIX_Comm_init time 4.768372e-07
MPIX_Comm_topo_init time 1.542568e-04
MPI_Alltoall_crs Time (Personalized VERSION): 1.507807e-03
MPI_Alltoall_crs Time (Nonblocking VERSION): 1.515555e-03
MPI_Alltoall_crs Time (Personalized Locality VERSION): 8.585930e-03
MPI_Alltoall_crs Time (Nonblocking Locality VERSION): 8.132219e-03
MPIX_Comm_init time 5.245209e-07
MPIX_Comm_topo_init time 1.814842e-04
MPI_Alltoall_crs Time (Personalized VERSION): 2.423310e-03
MPI_Alltoall_crs Time (Nonblocking VERSION): 2.400160e-03
MPI_Alltoall_crs Time (Personalized Locality VERSION): 5.425215e-03
MPI_Alltoall_crs Time (Nonblocking Locality VERSION): 4.904270e-03
MPIX_Comm_init time 5.245209e-07
MPIX_Comm_topo_init time 3.407240e-04
MPI_Alltoall_crs Time (Personalized VERSION): 1.598334e-03
MPI_Alltoall_crs Time (Nonblocking VERSION): 1.703477e-03
MPI_Alltoall_crs Time (Personalized Locality VERSION): 3.707170e-03
MPI_Alltoall_crs Time (Nonblocking Locality VERSION): 2.443075e-03
MPIX_Comm_init time 7.629395e-07
MPIX_Comm_topo_init time 2.323627e-04
MPI_Alltoall_crs Time (Personalized VERSION): 1.632833e-03
MPI_Alltoall_crs Time (Nonblocking VERSION): 2.994657e-03
MPI_Alltoall_crs Time (Personalized Locality VERSION): 2.537489e-03
MPI_Alltoall_crs Time (Nonblocking Locality VERSION): 1.640081e-03
MPIX_Comm_init time 1.311302e-07
MPIX_Comm_topo_init time 2.150679e-04
MPI_Alltoall_crs Time (Personalized VERSION): 1.800637e-03
MPI_Alltoall_crs Time (Nonblocking VERSION): 1.640764e-01
MPI_Alltoall_crs Time (Personalized Locality VERSION): 3.461599e-03
MPI_Alltoall_crs Time (Nonblocking Locality VERSION): 1.859188e-03
/g/g14/bienz1/CRS-Alltoall/benchmark_mats/dielFilterV2clx.pm
MPIX_Comm_init time 5.006790e-07
MPIX_Comm_topo_init time 1.520157e-04
MPI_Alltoall_crs Time (Personalized VERSION): 3.042459e-04
MPI_Alltoall_crs Time (Nonblocking VERSION): 2.784967e-04
MPI_Alltoall_crs Time (Personalized Locality VERSION): 1.333475e-03
MPI_Alltoall_crs Time (Nonblocking Locality VERSION): 7.655621e-04
MPIX_Comm_init time 5.006790e-07
MPIX_Comm_topo_init time 1.782417e-04
MPI_Alltoall_crs Time (Personalized VERSION): 4.991293e-04
MPI_Alltoall_crs Time (Nonblocking VERSION): 5.251408e-04
MPI_Alltoall_crs Time (Personalized Locality VERSION): 1.439095e-03
MPI_Alltoall_crs Time (Nonblocking Locality VERSION): 7.786751e-04
MPIX_Comm_init time 8.106232e-07
MPIX_Comm_topo_init time 3.191233e-04
MPI_Alltoall_crs Time (Personalized VERSION): 5.783081e-04
MPI_Alltoall_crs Time (Nonblocking VERSION): 6.349802e-04
MPI_Alltoall_crs Time (Personalized Locality VERSION): 1.260281e-03
MPI_Alltoall_crs Time (Nonblocking Locality VERSION): 8.163452e-04
MPIX_Comm_init time 8.344650e-07
MPIX_Comm_topo_init time 2.480507e-04
MPI_Alltoall_crs Time (Personalized VERSION): 4.382849e-04
MPI_Alltoall_crs Time (Nonblocking VERSION): 5.045891e-04
MPI_Alltoall_crs Time (Personalized Locality VERSION): 1.163721e-03
MPI_Alltoall_crs Time (Nonblocking Locality VERSION): 5.209446e-04
MPIX_Comm_init time 1.215935e-07
MPIX_Comm_topo_init time 2.459550e-04
MPI_Alltoall_crs Time (Personalized VERSION): 3.341365e-04
MPI_Alltoall_crs Time (Nonblocking VERSION): 3.749537e-04
MPI_Alltoall_crs Time (Personalized Locality VERSION): 1.199245e-03
MPI_Alltoall_crs Time (Nonblocking Locality VERSION): 3.702641e-04
/g/g14/bienz1/CRS-Alltoall/benchmark_mats/germany_osm.pm
MPIX_Comm_init time 4.529953e-07
MPIX_Comm_topo_init time 1.618862e-04
MPI_Alltoall_crs Time (Personalized VERSION): 1.093984e-03
MPI_Alltoall_crs Time (Nonblocking VERSION): 9.047031e-04
MPI_Alltoall_crs Time (Personalized Locality VERSION): 2.853394e-03
MPI_Alltoall_crs Time (Nonblocking Locality VERSION): 1.987457e-03
MPIX_Comm_init time 5.006790e-07
MPIX_Comm_topo_init time 1.817942e-04
MPI_Alltoall_crs Time (Personalized VERSION): 8.727074e-04
MPI_Alltoall_crs Time (Nonblocking VERSION): 1.072931e-03
MPI_Alltoall_crs Time (Personalized Locality VERSION): 1.993179e-03
MPI_Alltoall_crs Time (Nonblocking Locality VERSION): 1.324177e-03
MPIX_Comm_init time 8.344650e-07
MPIX_Comm_topo_init time 2.071619e-04
MPI_Alltoall_crs Time (Personalized VERSION): 8.509398e-04
MPI_Alltoall_crs Time (Nonblocking VERSION): 1.641417e-03
MPI_Alltoall_crs Time (Personalized Locality VERSION): 1.761913e-03
MPI_Alltoall_crs Time (Nonblocking Locality VERSION): 1.016617e-03
MPIX_Comm_init time 1.478195e-06
MPIX_Comm_topo_init time 2.482891e-04
MPI_Alltoall_crs Time (Personalized VERSION): 1.101661e-03
MPI_Alltoall_crs Time (Nonblocking VERSION): 4.140472e-03
MPI_Alltoall_crs Time (Personalized Locality VERSION): 4.353285e-03
MPI_Alltoall_crs Time (Nonblocking Locality VERSION): 9.841919e-04
MPIX_Comm_init time 1.549721e-07
MPIX_Comm_topo_init time 2.457476e-04
MPI_Alltoall_crs Time (Personalized VERSION): 6.291456e-03
MPI_Alltoall_crs Time (Nonblocking VERSION): 1.019246e-02
MPI_Alltoall_crs Time (Personalized Locality VERSION): 2.252936e-02
MPI_Alltoall_crs Time (Nonblocking Locality VERSION): 1.844406e-03
/g/g14/bienz1/CRS-Alltoall/benchmark_mats/human_gene1.pm
MPIX_Comm_init time 5.245209e-07
MPIX_Comm_topo_init time 1.598358e-04
MPI_Alltoall_crs Time (Personalized VERSION): 6.137848e-04
MPI_Alltoall_crs Time (Nonblocking VERSION): 5.599976e-04
MPI_Alltoall_crs Time (Personalized Locality VERSION): 1.043797e-03
MPI_Alltoall_crs Time (Nonblocking Locality VERSION): 6.663799e-04
MPIX_Comm_init time 8.106232e-07
MPIX_Comm_topo_init time 1.822710e-04
MPI_Alltoall_crs Time (Personalized VERSION): 6.577492e-04
MPI_Alltoall_crs Time (Nonblocking VERSION): 8.493185e-04
MPI_Alltoall_crs Time (Personalized Locality VERSION): 1.160622e-03
MPI_Alltoall_crs Time (Nonblocking Locality VERSION): 8.397102e-04
MPIX_Comm_init time 9.059906e-07
MPIX_Comm_topo_init time 2.056360e-04
MPI_Alltoall_crs Time (Personalized VERSION): 9.095430e-04
MPI_Alltoall_crs Time (Nonblocking VERSION): 1.730967e-03
MPI_Alltoall_crs Time (Personalized Locality VERSION): 1.202106e-03
MPI_Alltoall_crs Time (Nonblocking Locality VERSION): 9.996891e-04
MPIX_Comm_init time 6.675720e-07
MPIX_Comm_topo_init time 2.442122e-04
MPI_Alltoall_crs Time (Personalized VERSION): 1.319981e-03
MPI_Alltoall_crs Time (Nonblocking VERSION): 4.738760e-03
MPI_Alltoall_crs Time (Personalized Locality VERSION): 1.569748e-03
MPI_Alltoall_crs Time (Nonblocking Locality VERSION): 1.356363e-03
MPIX_Comm_init time 1.192093e-07
MPIX_Comm_topo_init time 3.054976e-04
MPI_Alltoall_crs Time (Personalized VERSION): 4.648634e-02
MPI_Alltoall_crs Time (Nonblocking VERSION): 1.604377e-01
MPI_Alltoall_crs Time (Personalized Locality VERSION): 6.000996e-03
MPI_Alltoall_crs Time (Nonblocking Locality VERSION): 3.720999e-03
/g/g14/bienz1/CRS-Alltoall/benchmark_mats/NLR.pm
MPIX_Comm_init time 5.483627e-07
MPIX_Comm_topo_init time 1.603603e-04
MPI_Alltoall_crs Time (Personalized VERSION): 4.291320e-03
MPI_Alltoall_crs Time (Nonblocking VERSION): 3.528857e-03
MPI_Alltoall_crs Time (Personalized Locality VERSION): 1.400971e-02
MPI_Alltoall_crs Time (Nonblocking Locality VERSION): 1.391077e-02
MPIX_Comm_init time 5.006790e-07
MPIX_Comm_topo_init time 1.813650e-04
MPI_Alltoall_crs Time (Personalized VERSION): 3.666401e-03
MPI_Alltoall_crs Time (Nonblocking VERSION): 4.206681e-03
MPI_Alltoall_crs Time (Personalized Locality VERSION): 8.492470e-03
MPI_Alltoall_crs Time (Nonblocking Locality VERSION): 9.964466e-03
MPIX_Comm_init time 6.437302e-07
MPIX_Comm_topo_init time 2.066851e-04
MPI_Alltoall_crs Time (Personalized VERSION): 2.098092e-01
MPI_Alltoall_crs Time (Nonblocking VERSION): 3.267145e-03
MPI_Alltoall_crs Time (Personalized Locality VERSION): 6.013632e-03
MPI_Alltoall_crs Time (Nonblocking Locality VERSION): 6.086349e-03
MPIX_Comm_init time 8.344650e-07
MPIX_Comm_topo_init time 2.565861e-04
MPI_Alltoall_crs Time (Personalized VERSION): 4.488045e-01
MPI_Alltoall_crs Time (Nonblocking VERSION): 5.214071e-03
MPI_Alltoall_crs Time (Personalized Locality VERSION): 5.155563e-03
MPI_Alltoall_crs Time (Nonblocking Locality VERSION): 3.723860e-03
MPIX_Comm_init time 1.239777e-07
MPIX_Comm_topo_init time 2.557445e-04
MPI_Alltoall_crs Time (Personalized VERSION): 1.591712e-01
MPI_Alltoall_crs Time (Nonblocking VERSION): 1.005746e-01
MPI_Alltoall_crs Time (Personalized Locality VERSION): 5.958319e-03
MPI_Alltoall_crs Time (Nonblocking Locality VERSION): 2.943516e-03
