Exported CRS_DIR=/g/g11/geyko2/PSAAP_Projects/CRS-Alltoall
/g/g11/geyko2/PSAAP_Projects/CRS-Alltoall/mpi_advance/build/benchmarks
/g/g11/geyko2/PSAAP_Projects/CRS-Alltoall/benchmark_mats/12month1.pm
MPIX_Comm_init time 1.621246e-07
MPIX_Comm_topo_init time 4.512787e-04
MPIX_Comm_win_init_time 1.085830e-03
MPI_Alltoall_crs Time (RMA VERSION): 3.276527e-02
MPI_Alltoall_crs Time (Personalized VERSION): 2.479014e-02
MPI_Alltoall_crs Time (Nonblocking VERSION): 3.267534e-01
MPI_Alltoall_crs Time (Personalized Locality VERSION): 1.914268e-03
MPI_Alltoall_crs Time (Nonblocking Locality VERSION): 1.455748e-03
/g/g11/geyko2/PSAAP_Projects/CRS-Alltoall/benchmark_mats/333SP.pm
MPIX_Comm_init time 1.454353e-07
MPIX_Comm_topo_init time 4.026580e-04
MPIX_Comm_win_init_time 1.095192e-03
MPI_Alltoall_crs Time (RMA VERSION): 2.710108e-02
MPI_Alltoall_crs Time (Personalized VERSION): 1.624958e-02
MPI_Alltoall_crs Time (Nonblocking VERSION): 3.184944e-01
MPI_Alltoall_crs Time (Personalized Locality VERSION): 1.575973e-03
MPI_Alltoall_crs Time (Nonblocking Locality VERSION): 1.169622e-03
/g/g11/geyko2/PSAAP_Projects/CRS-Alltoall/benchmark_mats/adaptive.pm
MPIX_Comm_init time 1.311302e-07
MPIX_Comm_topo_init time 3.724909e-04
MPIX_Comm_win_init_time 1.061654e-03
MPI_Alltoall_crs Time (RMA VERSION): 5.003970e-03
MPI_Alltoall_crs Time (Personalized VERSION): 4.246757e-03
MPI_Alltoall_crs Time (Nonblocking VERSION): 5.318058e-03
MPI_Alltoall_crs Time (Personalized Locality VERSION): 1.270168e-03
MPI_Alltoall_crs Time (Nonblocking Locality VERSION): 6.973386e-04
/g/g11/geyko2/PSAAP_Projects/CRS-Alltoall/benchmark_mats/AS365.pm
MPIX_Comm_init time 4.005432e-07
MPIX_Comm_topo_init time 3.761196e-04
MPIX_Comm_win_init_time 1.090784e-03
MPI_Alltoall_crs Time (RMA VERSION): 1.525096e-01
MPI_Alltoall_crs Time (Personalized VERSION): 8.349970e-02
MPI_Alltoall_crs Time (Nonblocking VERSION): 3.497450e-01
MPI_Alltoall_crs Time (Personalized Locality VERSION): 1.929872e-03
MPI_Alltoall_crs Time (Nonblocking Locality VERSION): 1.663473e-03
/g/g11/geyko2/PSAAP_Projects/CRS-Alltoall/benchmark_mats/asia_osm.pm
MPIX_Comm_init time 1.263618e-07
MPIX_Comm_topo_init time 3.966427e-04
MPIX_Comm_win_init_time 1.119761e-03
MPI_Alltoall_crs Time (RMA VERSION): 1.539167e-02
MPI_Alltoall_crs Time (Personalized VERSION): 5.893295e-03
MPI_Alltoall_crs Time (Nonblocking VERSION): 1.047681e-02
MPI_Alltoall_crs Time (Personalized Locality VERSION): 1.725481e-03
MPI_Alltoall_crs Time (Nonblocking Locality VERSION): 1.064050e-03
/g/g11/geyko2/PSAAP_Projects/CRS-Alltoall/benchmark_mats/as-Skitter.pm
MPIX_Comm_init time 2.479553e-07
MPIX_Comm_topo_init time 3.832173e-04
MPIX_Comm_win_init_time 1.079307e-03
MPI_Alltoall_crs Time (RMA VERSION): 3.517459e-02
MPI_Alltoall_crs Time (Personalized VERSION): 1.628903e-02
MPI_Alltoall_crs Time (Nonblocking VERSION): 1.842398e-01
MPI_Alltoall_crs Time (Personalized Locality VERSION): 1.681843e-03
MPI_Alltoall_crs Time (Nonblocking Locality VERSION): 1.214068e-03
/g/g11/geyko2/PSAAP_Projects/CRS-Alltoall/benchmark_mats/bundle_adj.pm
MPIX_Comm_init time 1.192093e-07
MPIX_Comm_topo_init time 4.101872e-04
MPIX_Comm_win_init_time 1.091883e-03
MPI_Alltoall_crs Time (RMA VERSION): 3.001046e-03
MPI_Alltoall_crs Time (Personalized VERSION): 2.369974e-03
MPI_Alltoall_crs Time (Nonblocking VERSION): 2.763546e-03
MPI_Alltoall_crs Time (Personalized Locality VERSION): 8.960605e-04
MPI_Alltoall_crs Time (Nonblocking Locality VERSION): 8.140349e-04
/g/g11/geyko2/PSAAP_Projects/CRS-Alltoall/benchmark_mats/cage14.pm
MPIX_Comm_init time 1.788139e-07
MPIX_Comm_topo_init time 3.771520e-04
MPIX_Comm_win_init_time 1.054690e-03
MPI_Alltoall_crs Time (RMA VERSION): 8.701253e-04
MPI_Alltoall_crs Time (Personalized VERSION): 6.566882e-04
MPI_Alltoall_crs Time (Nonblocking VERSION): 6.061959e-04
MPI_Alltoall_crs Time (Personalized Locality VERSION): 6.558228e-04
MPI_Alltoall_crs Time (Nonblocking Locality VERSION): 3.937602e-04
/g/g11/geyko2/PSAAP_Projects/CRS-Alltoall/benchmark_mats/CurlCurl_4.pm
MPIX_Comm_init time 1.239777e-07
MPIX_Comm_topo_init time 3.940773e-04
MPIX_Comm_win_init_time 1.068532e-03
MPI_Alltoall_crs Time (RMA VERSION): 3.869724e-04
MPI_Alltoall_crs Time (Personalized VERSION): 3.621078e-04
MPI_Alltoall_crs Time (Nonblocking VERSION): 2.241015e-04
MPI_Alltoall_crs Time (Personalized Locality VERSION): 2.545142e-04
MPI_Alltoall_crs Time (Nonblocking Locality VERSION): 1.806998e-04
/g/g11/geyko2/PSAAP_Projects/CRS-Alltoall/benchmark_mats/delaunay_n22.pm
MPIX_Comm_init time 1.072884e-07
MPIX_Comm_topo_init time 4.078078e-04
MPIX_Comm_win_init_time 1.107578e-03
MPI_Alltoall_crs Time (RMA VERSION): 7.979174e-02
MPI_Alltoall_crs Time (Personalized VERSION): 2.421995e-02
MPI_Alltoall_crs Time (Nonblocking VERSION): 3.246098e-01
MPI_Alltoall_crs Time (Personalized Locality VERSION): 1.382058e-03
MPI_Alltoall_crs Time (Nonblocking Locality VERSION): 1.234853e-03
/g/g11/geyko2/PSAAP_Projects/CRS-Alltoall/benchmark_mats/dgreen.pm
MPIX_Comm_init time 1.597404e-07
MPIX_Comm_topo_init time 4.180169e-04
MPIX_Comm_win_init_time 1.072302e-03
MPI_Alltoall_crs Time (RMA VERSION): 4.231999e-03
MPI_Alltoall_crs Time (Personalized VERSION): 2.623508e-03
MPI_Alltoall_crs Time (Nonblocking VERSION): 3.894064e-03
MPI_Alltoall_crs Time (Personalized Locality VERSION): 7.625628e-04
MPI_Alltoall_crs Time (Nonblocking Locality VERSION): 4.707384e-04
/g/g11/geyko2/PSAAP_Projects/CRS-Alltoall/benchmark_mats/dielFilterV2clx.pm
MPIX_Comm_init time 1.215935e-07
MPIX_Comm_topo_init time 3.905892e-04
MPIX_Comm_win_init_time 1.052973e-03
MPI_Alltoall_crs Time (RMA VERSION): 1.271198e-03
MPI_Alltoall_crs Time (Personalized VERSION): 9.606481e-04
MPI_Alltoall_crs Time (Nonblocking VERSION): 9.929371e-04
MPI_Alltoall_crs Time (Personalized Locality VERSION): 5.161333e-04
MPI_Alltoall_crs Time (Nonblocking Locality VERSION): 3.773260e-04
/g/g11/geyko2/PSAAP_Projects/CRS-Alltoall/benchmark_mats/F1.pm
MPIX_Comm_init time 1.454353e-07
MPIX_Comm_topo_init time 3.755760e-04
MPIX_Comm_win_init_time 1.082807e-03
MPI_Alltoall_crs Time (RMA VERSION): 2.198514e-02
MPI_Alltoall_crs Time (Personalized VERSION): 9.382579e-03
MPI_Alltoall_crs Time (Nonblocking VERSION): 1.512415e-02
MPI_Alltoall_crs Time (Personalized Locality VERSION): 1.891348e-03
MPI_Alltoall_crs Time (Nonblocking Locality VERSION): 1.271579e-03
/g/g11/geyko2/PSAAP_Projects/CRS-Alltoall/benchmark_mats/Fault_639.pm
MPIX_Comm_init time 1.311302e-07
MPIX_Comm_topo_init time 3.915739e-04
MPIX_Comm_win_init_time 1.085522e-03
MPI_Alltoall_crs Time (RMA VERSION): 8.740163e-04
MPI_Alltoall_crs Time (Personalized VERSION): 6.792712e-04
MPI_Alltoall_crs Time (Nonblocking VERSION): 6.507087e-04
MPI_Alltoall_crs Time (Personalized Locality VERSION): 4.151344e-04
MPI_Alltoall_crs Time (Nonblocking Locality VERSION): 2.971578e-04
/g/g11/geyko2/PSAAP_Projects/CRS-Alltoall/benchmark_mats/FullChip.pm
MPIX_Comm_init time 1.215935e-07
MPIX_Comm_topo_init time 4.014611e-04
MPIX_Comm_win_init_time 1.092212e-03
MPI_Alltoall_crs Time (RMA VERSION): 3.249625e-02
MPI_Alltoall_crs Time (Personalized VERSION): 5.363983e-02
MPI_Alltoall_crs Time (Nonblocking VERSION): 1.884564e-01
MPI_Alltoall_crs Time (Personalized Locality VERSION): 2.180197e-03
MPI_Alltoall_crs Time (Nonblocking Locality VERSION): 2.051282e-03
/g/g11/geyko2/PSAAP_Projects/CRS-Alltoall/benchmark_mats/germany_osm.pm
MPIX_Comm_init time 4.291534e-07
MPIX_Comm_topo_init time 4.786420e-04
MPIX_Comm_win_init_time 1.238434e-03
MPI_Alltoall_crs Time (RMA VERSION): 3.612619e-02
MPI_Alltoall_crs Time (Personalized VERSION): 1.342716e-02
MPI_Alltoall_crs Time (Nonblocking VERSION): 2.058159e-01
MPI_Alltoall_crs Time (Personalized Locality VERSION): 1.751175e-03
MPI_Alltoall_crs Time (Nonblocking Locality VERSION): 1.391351e-03
/g/g11/geyko2/PSAAP_Projects/CRS-Alltoall/benchmark_mats/GL7d17.pm
MPIX_Comm_init time 1.430511e-07
MPIX_Comm_topo_init time 4.199386e-04
MPIX_Comm_win_init_time 1.094751e-03
MPI_Alltoall_crs Time (RMA VERSION): 5.464895e-02
MPI_Alltoall_crs Time (Personalized VERSION): 3.099886e-02
MPI_Alltoall_crs Time (Nonblocking VERSION): 3.405832e-01
MPI_Alltoall_crs Time (Personalized Locality VERSION): 1.931074e-03
MPI_Alltoall_crs Time (Nonblocking Locality VERSION): 1.564302e-03
/g/g11/geyko2/PSAAP_Projects/CRS-Alltoall/benchmark_mats/GL7d20.pm
MPIX_Comm_init time 1.454353e-07
MPIX_Comm_topo_init time 4.068756e-04
MPIX_Comm_win_init_time 1.086745e-03
MPI_Alltoall_crs Time (RMA VERSION): 5.454099e-02
MPI_Alltoall_crs Time (Personalized VERSION): 2.675375e-02
MPI_Alltoall_crs Time (Nonblocking VERSION): 3.331573e-01
MPI_Alltoall_crs Time (Personalized Locality VERSION): 2.022269e-03
MPI_Alltoall_crs Time (Nonblocking Locality VERSION): 1.601610e-03
/g/g11/geyko2/PSAAP_Projects/CRS-Alltoall/benchmark_mats/hugetric-00020.pm
MPIX_Comm_init time 1.788139e-07
MPIX_Comm_topo_init time 4.314327e-04
MPIX_Comm_win_init_time 1.065502e-03
MPI_Alltoall_crs Time (RMA VERSION): 5.538317e-02
MPI_Alltoall_crs Time (Personalized VERSION): 2.052575e-02
MPI_Alltoall_crs Time (Nonblocking VERSION): 3.328227e-01
MPI_Alltoall_crs Time (Personalized Locality VERSION): 1.925011e-03
MPI_Alltoall_crs Time (Nonblocking Locality VERSION): 1.551139e-03
/g/g11/geyko2/PSAAP_Projects/CRS-Alltoall/benchmark_mats/human_gene1.pm
MPIX_Comm_init time 3.123283e-07
MPIX_Comm_topo_init time 3.969884e-04
MPIX_Comm_win_init_time 1.073306e-03
MPI_Alltoall_crs Time (RMA VERSION): 1.445129e-01
MPI_Alltoall_crs Time (Personalized VERSION): 2.198457e-01
MPI_Alltoall_crs Time (Nonblocking VERSION): 3.498590e-01
MPI_Alltoall_crs Time (Personalized Locality VERSION): 1.893392e-03
MPI_Alltoall_crs Time (Nonblocking Locality VERSION): 1.691008e-03
/g/g11/geyko2/PSAAP_Projects/CRS-Alltoall/benchmark_mats/kron_g500-logn18.pm
MPIX_Comm_init time 1.978874e-07
MPIX_Comm_topo_init time 4.326892e-04
MPIX_Comm_win_init_time 1.091461e-03
MPI_Alltoall_crs Time (RMA VERSION): 1.792818e-01
MPI_Alltoall_crs Time (Personalized VERSION): 4.367692e-01
MPI_Alltoall_crs Time (Nonblocking VERSION): 3.567928e-01
MPI_Alltoall_crs Time (Personalized Locality VERSION): 1.841524e-03
MPI_Alltoall_crs Time (Nonblocking Locality VERSION): 1.726530e-03
/g/g11/geyko2/PSAAP_Projects/CRS-Alltoall/benchmark_mats/M6.pm
MPIX_Comm_init time 1.478195e-07
MPIX_Comm_topo_init time 3.808594e-04
MPIX_Comm_win_init_time 1.089549e-03
MPI_Alltoall_crs Time (RMA VERSION): 1.527987e-01
MPI_Alltoall_crs Time (Personalized VERSION): 9.528345e-02
MPI_Alltoall_crs Time (Nonblocking VERSION): 3.499452e-01
MPI_Alltoall_crs Time (Personalized Locality VERSION): 1.843498e-03
MPI_Alltoall_crs Time (Nonblocking Locality VERSION): 1.700850e-03
/g/g11/geyko2/PSAAP_Projects/CRS-Alltoall/benchmark_mats/ML_Laplace.pm
MPIX_Comm_init time 1.287460e-07
MPIX_Comm_topo_init time 4.036212e-04
MPIX_Comm_win_init_time 1.135082e-03
MPI_Alltoall_crs Time (RMA VERSION): 4.906011e-04
MPI_Alltoall_crs Time (Personalized VERSION): 3.992319e-04
MPI_Alltoall_crs Time (Nonblocking VERSION): 2.757335e-04
MPI_Alltoall_crs Time (Personalized Locality VERSION): 2.780795e-04
MPI_Alltoall_crs Time (Nonblocking Locality VERSION): 2.099848e-04
/g/g11/geyko2/PSAAP_Projects/CRS-Alltoall/benchmark_mats/mouse_gene.pm
MPIX_Comm_init time 3.242493e-07
MPIX_Comm_topo_init time 4.323888e-04
MPIX_Comm_win_init_time 1.114345e-03
MPI_Alltoall_crs Time (RMA VERSION): 1.210740e-01
MPI_Alltoall_crs Time (Personalized VERSION): 2.859962e-01
MPI_Alltoall_crs Time (Nonblocking VERSION): 3.490173e-01
MPI_Alltoall_crs Time (Personalized Locality VERSION): 1.890240e-03
MPI_Alltoall_crs Time (Nonblocking Locality VERSION): 1.684871e-03
/g/g11/geyko2/PSAAP_Projects/CRS-Alltoall/benchmark_mats/nd24k.pm
MPIX_Comm_init time 1.215935e-07
MPIX_Comm_topo_init time 3.823256e-04
MPIX_Comm_win_init_time 1.088803e-03
MPI_Alltoall_crs Time (RMA VERSION): 1.473546e-03
MPI_Alltoall_crs Time (Personalized VERSION): 9.927511e-04
MPI_Alltoall_crs Time (Nonblocking VERSION): 1.006908e-03
MPI_Alltoall_crs Time (Personalized Locality VERSION): 1.012206e-03
MPI_Alltoall_crs Time (Nonblocking Locality VERSION): 5.272031e-04
/g/g11/geyko2/PSAAP_Projects/CRS-Alltoall/benchmark_mats/nlpkkt80.pm
MPIX_Comm_init time 1.478195e-07
MPIX_Comm_topo_init time 4.001904e-04
MPIX_Comm_win_init_time 1.073768e-03
MPI_Alltoall_crs Time (RMA VERSION): 3.924513e-04
MPI_Alltoall_crs Time (Personalized VERSION): 3.703380e-04
MPI_Alltoall_crs Time (Nonblocking VERSION): 2.414060e-04
MPI_Alltoall_crs Time (Personalized Locality VERSION): 2.533793e-04
MPI_Alltoall_crs Time (Nonblocking Locality VERSION): 1.824069e-04
/g/g11/geyko2/PSAAP_Projects/CRS-Alltoall/benchmark_mats/NLR.pm
MPIX_Comm_init time 1.955032e-07
MPIX_Comm_topo_init time 4.221487e-04
MPIX_Comm_win_init_time 1.098969e-03
MPI_Alltoall_crs Time (RMA VERSION): 1.621078e-01
MPI_Alltoall_crs Time (Personalized VERSION): 9.409691e-02
MPI_Alltoall_crs Time (Nonblocking VERSION): 3.500404e-01
MPI_Alltoall_crs Time (Personalized Locality VERSION): 1.821783e-03
MPI_Alltoall_crs Time (Nonblocking Locality VERSION): 1.676335e-03
/g/g11/geyko2/PSAAP_Projects/CRS-Alltoall/benchmark_mats/rajat31.pm
MPIX_Comm_init time 1.120567e-07
MPIX_Comm_topo_init time 4.141188e-04
MPIX_Comm_win_init_time 1.066914e-03
MPI_Alltoall_crs Time (RMA VERSION): 2.083323e-03
MPI_Alltoall_crs Time (Personalized VERSION): 1.280928e-03
MPI_Alltoall_crs Time (Nonblocking VERSION): 1.346893e-03
MPI_Alltoall_crs Time (Personalized Locality VERSION): 4.118395e-04
MPI_Alltoall_crs Time (Nonblocking Locality VERSION): 3.094697e-04
/g/g11/geyko2/PSAAP_Projects/CRS-Alltoall/benchmark_mats/rel9.pm
MPIX_Comm_init time 2.455711e-07
MPIX_Comm_topo_init time 3.766942e-04
MPIX_Comm_win_init_time 1.095099e-03
MPI_Alltoall_crs Time (RMA VERSION): 3.323514e-02
MPI_Alltoall_crs Time (Personalized VERSION): 1.128814e-02
MPI_Alltoall_crs Time (Nonblocking VERSION): 2.746238e-02
MPI_Alltoall_crs Time (Personalized Locality VERSION): 1.757274e-03
MPI_Alltoall_crs Time (Nonblocking Locality VERSION): 1.022518e-03
/g/g11/geyko2/PSAAP_Projects/CRS-Alltoall/benchmark_mats/rgg_n_2_21_s0.pm
MPIX_Comm_init time 1.335144e-07
MPIX_Comm_topo_init time 4.031467e-04
MPIX_Comm_win_init_time 1.072342e-03
MPI_Alltoall_crs Time (RMA VERSION): 3.864741e-04
MPI_Alltoall_crs Time (Personalized VERSION): 3.328466e-04
MPI_Alltoall_crs Time (Nonblocking VERSION): 2.061200e-04
MPI_Alltoall_crs Time (Personalized Locality VERSION): 2.142596e-04
MPI_Alltoall_crs Time (Nonblocking Locality VERSION): 1.560068e-04
/g/g11/geyko2/PSAAP_Projects/CRS-Alltoall/benchmark_mats/StocF-1465.pm
MPIX_Comm_init time 1.573563e-07
MPIX_Comm_topo_init time 4.108596e-04
MPIX_Comm_win_init_time 1.112759e-03
MPI_Alltoall_crs Time (RMA VERSION): 9.004331e-04
MPI_Alltoall_crs Time (Personalized VERSION): 6.950331e-04
MPI_Alltoall_crs Time (Nonblocking VERSION): 6.806898e-04
MPI_Alltoall_crs Time (Personalized Locality VERSION): 3.933549e-04
MPI_Alltoall_crs Time (Nonblocking Locality VERSION): 3.005552e-04
/g/g11/geyko2/PSAAP_Projects/CRS-Alltoall/benchmark_mats/Transport.pm
MPIX_Comm_init time 2.455711e-07
MPIX_Comm_topo_init time 4.290247e-04
MPIX_Comm_win_init_time 1.101773e-03
MPI_Alltoall_crs Time (RMA VERSION): 4.064846e-04
MPI_Alltoall_crs Time (Personalized VERSION): 3.697062e-04
MPI_Alltoall_crs Time (Nonblocking VERSION): 2.327251e-04
MPI_Alltoall_crs Time (Personalized Locality VERSION): 2.397299e-04
MPI_Alltoall_crs Time (Nonblocking Locality VERSION): 1.776791e-04
/g/g11/geyko2/PSAAP_Projects/CRS-Alltoall/benchmark_mats/wiki-topcats.pm
MPIX_Comm_init time 3.480911e-07
MPIX_Comm_topo_init time 4.740095e-04
MPIX_Comm_win_init_time 1.092584e-03
MPI_Alltoall_crs Time (RMA VERSION): 7.121841e-02
MPI_Alltoall_crs Time (Personalized VERSION): 4.722316e-02
MPI_Alltoall_crs Time (Nonblocking VERSION): 3.411437e-01
MPI_Alltoall_crs Time (Personalized Locality VERSION): 1.816473e-03
MPI_Alltoall_crs Time (Nonblocking Locality VERSION): 1.536489e-03
